<?xml version="1.0" encoding="utf-8"?>
<TestRun id="567657e2-f4a0-4c50-be40-d7ce73351f9d" name="@Graemes-iMac-2 2023-06-04 16:05:39" xmlns="http://microsoft.com/schemas/VisualStudio/TeamTest/2010">
  <Times creation="2023-06-04T16:05:39.8069770+02:00" queuing="2023-06-04T16:05:39.8069770+02:00" start="2023-06-04T16:05:38.5826590+02:00" finish="2023-06-04T16:05:39.8405880+02:00" />
  <TestSettings name="default" id="555b4498-13d5-48f1-88eb-c2ac35b0eb91">
    <Deployment runDeploymentRoot="_Graemes-iMac-2_2023-06-04_16_05_39" />
  </TestSettings>
  <Results>
    <UnitTestResult executionId="a7627d62-7b16-46a9-a749-2fc8b97565c4" testId="4a187ba9-963a-8f60-c748-bffdffd3626c" testName="Tests.parse lambda" computerName="Graemes-iMac-2" duration="00:00:00.0001342" startTime="2023-06-04T16:05:39.7664030+02:00" endTime="2023-06-04T16:05:39.7664030+02:00" testType="13cdc9d9-ddb5-4fa4-a97d-d965ccfc6d4b" outcome="Passed" testListId="8c84fa94-04c1-424b-9868-57a2d4851a1d" relativeResultsDirectory="a7627d62-7b16-46a9-a749-2fc8b97565c4" />
    <UnitTestResult executionId="ab11a600-fbfe-4c89-9df3-89606a2ee218" testId="f96365a4-0e2d-fbc8-41d0-8f8463223c19" testName="Tests.parse multiplicative expression" computerName="Graemes-iMac-2" duration="00:00:00.0001952" startTime="2023-06-04T16:05:39.7663780+02:00" endTime="2023-06-04T16:05:39.7663790+02:00" testType="13cdc9d9-ddb5-4fa4-a97d-d965ccfc6d4b" outcome="Passed" testListId="8c84fa94-04c1-424b-9868-57a2d4851a1d" relativeResultsDirectory="ab11a600-fbfe-4c89-9df3-89606a2ee218" />
    <UnitTestResult executionId="2baccb33-368e-46ce-b8a1-218fd84619c6" testId="38a8c448-f4d6-4783-ef4f-fb0ca22b8edc" testName="Tests.parse relational expression" computerName="Graemes-iMac-2" duration="00:00:00.0073151" startTime="2023-06-04T16:05:39.7343890+02:00" endTime="2023-06-04T16:05:39.7343890+02:00" testType="13cdc9d9-ddb5-4fa4-a97d-d965ccfc6d4b" outcome="Passed" testListId="8c84fa94-04c1-424b-9868-57a2d4851a1d" relativeResultsDirectory="2baccb33-368e-46ce-b8a1-218fd84619c6" />
    <UnitTestResult executionId="da067086-c484-489a-b8f2-e71ac334bbf7" testId="6ad7fb65-5657-6f1e-00e7-49ced5e5b4b1" testName="Tests.parse let rec" computerName="Graemes-iMac-2" duration="00:00:00.0027263" startTime="2023-06-04T16:05:39.7377280+02:00" endTime="2023-06-04T16:05:39.7377280+02:00" testType="13cdc9d9-ddb5-4fa4-a97d-d965ccfc6d4b" outcome="Passed" testListId="8c84fa94-04c1-424b-9868-57a2d4851a1d" relativeResultsDirectory="da067086-c484-489a-b8f2-e71ac334bbf7" />
    <UnitTestResult executionId="3551eb2a-a980-4075-bd87-634461a16261" testId="ac5e33de-f945-bfd4-14d3-23ec4f4e449e" testName="Tests.parse multiplicative operator" computerName="Graemes-iMac-2" duration="00:00:00.0170713" startTime="2023-06-04T16:05:39.7113880+02:00" endTime="2023-06-04T16:05:39.7114160+02:00" testType="13cdc9d9-ddb5-4fa4-a97d-d965ccfc6d4b" outcome="Passed" testListId="8c84fa94-04c1-424b-9868-57a2d4851a1d" relativeResultsDirectory="3551eb2a-a980-4075-bd87-634461a16261" />
    <UnitTestResult executionId="36f70407-eec2-4787-a37a-e6403da2d888" testId="a7700f80-79a5-591b-cdfc-5a3524479ced" testName="Tests.parse additive operator" computerName="Graemes-iMac-2" duration="00:00:00.0001594" startTime="2023-06-04T16:05:39.7161300+02:00" endTime="2023-06-04T16:05:39.7161300+02:00" testType="13cdc9d9-ddb5-4fa4-a97d-d965ccfc6d4b" outcome="Passed" testListId="8c84fa94-04c1-424b-9868-57a2d4851a1d" relativeResultsDirectory="36f70407-eec2-4787-a37a-e6403da2d888" />
    <UnitTestResult executionId="afe38ea2-f1f4-4e5c-a216-c0ee041b8d08" testId="72e9ff20-7e14-bb11-d0c0-a678b738516c" testName="Tests.parse literal int" computerName="Graemes-iMac-2" duration="00:00:00.0001005" startTime="2023-06-04T16:05:39.7663210+02:00" endTime="2023-06-04T16:05:39.7663210+02:00" testType="13cdc9d9-ddb5-4fa4-a97d-d965ccfc6d4b" outcome="Passed" testListId="8c84fa94-04c1-424b-9868-57a2d4851a1d" relativeResultsDirectory="afe38ea2-f1f4-4e5c-a216-c0ee041b8d08" />
    <UnitTestResult executionId="c02c771c-f3ad-452e-ac58-fc4c8568bc25" testId="0173842f-6198-db48-5a8b-7f8e2f7bb0bb" testName="Tests.parse additive expression" computerName="Graemes-iMac-2" duration="00:00:00.0003686" startTime="2023-06-04T16:05:39.7663540+02:00" endTime="2023-06-04T16:05:39.7663540+02:00" testType="13cdc9d9-ddb5-4fa4-a97d-d965ccfc6d4b" outcome="Passed" testListId="8c84fa94-04c1-424b-9868-57a2d4851a1d" relativeResultsDirectory="c02c771c-f3ad-452e-ac58-fc4c8568bc25" />
    <UnitTestResult executionId="3fa8eef3-170c-46e7-b67e-c047be08cd8d" testId="75b6616c-8470-53dc-8291-1356a7d66257" testName="Tests.parse literal bool" computerName="Graemes-iMac-2" duration="00:00:00.0001536" startTime="2023-06-04T16:05:39.7660900+02:00" endTime="2023-06-04T16:05:39.7660900+02:00" testType="13cdc9d9-ddb5-4fa4-a97d-d965ccfc6d4b" outcome="Passed" testListId="8c84fa94-04c1-424b-9868-57a2d4851a1d" relativeResultsDirectory="3fa8eef3-170c-46e7-b67e-c047be08cd8d" />
    <UnitTestResult executionId="80700efc-b8bd-4a86-8888-2e95a0a24aa6" testId="6d6747a3-1adb-c8cb-f75d-9b9525a2a2eb" testName="Tests.parse let" computerName="Graemes-iMac-2" duration="00:00:00.0004617" startTime="2023-06-04T16:05:39.7382170+02:00" endTime="2023-06-04T16:05:39.7382170+02:00" testType="13cdc9d9-ddb5-4fa4-a97d-d965ccfc6d4b" outcome="Passed" testListId="8c84fa94-04c1-424b-9868-57a2d4851a1d" relativeResultsDirectory="80700efc-b8bd-4a86-8888-2e95a0a24aa6" />
    <UnitTestResult executionId="6c399ed3-776d-4bc8-ac70-6d74a2a8e1f8" testId="d9dd441c-44f3-ff66-12b8-555bb55f343d" testName="Tests.parse parenthises expression" computerName="Graemes-iMac-2" duration="00:00:00.0001641" startTime="2023-06-04T16:05:39.7384690+02:00" endTime="2023-06-04T16:05:39.7384690+02:00" testType="13cdc9d9-ddb5-4fa4-a97d-d965ccfc6d4b" outcome="Passed" testListId="8c84fa94-04c1-424b-9868-57a2d4851a1d" relativeResultsDirectory="6c399ed3-776d-4bc8-ac70-6d74a2a8e1f8" />
    <UnitTestResult executionId="aa1d65fc-5d1f-4a99-aabb-2586dacd8ae6" testId="6e271be6-e3b9-3444-e1c2-d1ee3b6ac76b" testName="Tests.parse arithmatic expression" computerName="Graemes-iMac-2" duration="00:00:00.0004918" startTime="2023-06-04T16:05:39.7349410+02:00" endTime="2023-06-04T16:05:39.7349420+02:00" testType="13cdc9d9-ddb5-4fa4-a97d-d965ccfc6d4b" outcome="Passed" testListId="8c84fa94-04c1-424b-9868-57a2d4851a1d" relativeResultsDirectory="aa1d65fc-5d1f-4a99-aabb-2586dacd8ae6" />
    <UnitTestResult executionId="6d0e916b-90e0-4e65-b8c9-d3d3eeb46ad7" testId="a5f1fc17-1237-1f4f-4431-b1162b5abb1c" testName="Tests.parse lowerIdentifier" computerName="Graemes-iMac-2" duration="00:00:00.0155652" startTime="2023-06-04T16:05:39.7269830+02:00" endTime="2023-06-04T16:05:39.7269830+02:00" testType="13cdc9d9-ddb5-4fa4-a97d-d965ccfc6d4b" outcome="Passed" testListId="8c84fa94-04c1-424b-9868-57a2d4851a1d" relativeResultsDirectory="6d0e916b-90e0-4e65-b8c9-d3d3eeb46ad7" />
    <UnitTestResult executionId="5d7f2d0a-bb90-4ede-ba00-0f628018ddb8" testId="27f2f260-d707-4bb3-df19-6a32fd9fcfd1" testName="Tests.parse if" computerName="Graemes-iMac-2" duration="00:00:00.0012826" startTime="2023-06-04T16:05:39.7398350+02:00" endTime="2023-06-04T16:05:39.7398360+02:00" testType="13cdc9d9-ddb5-4fa4-a97d-d965ccfc6d4b" outcome="Passed" testListId="8c84fa94-04c1-424b-9868-57a2d4851a1d" relativeResultsDirectory="5d7f2d0a-bb90-4ede-ba00-0f628018ddb8" />
  </Results>
  <TestDefinitions>
    <UnitTest name="Tests.parse lowerIdentifier" storage="/users/graemelockley/projects/little-languages-project/ll-tlcr/lang.test/bin/debug/net7.0/lang.test.dll" id="a5f1fc17-1237-1f4f-4431-b1162b5abb1c">
      <Execution id="6d0e916b-90e0-4e65-b8c9-d3d3eeb46ad7" />
      <TestMethod codeBase="/Users/graemelockley/Projects/little-languages-project/ll-tlcr/Lang.Test/bin/Debug/net7.0/Lang.Test.dll" adapterTypeName="executor://xunit/VsTestRunner2/netcoreapp" className="Tests" name="parse lowerIdentifier" />
    </UnitTest>
    <UnitTest name="Tests.parse literal bool" storage="/users/graemelockley/projects/little-languages-project/ll-tlcr/lang.test/bin/debug/net7.0/lang.test.dll" id="75b6616c-8470-53dc-8291-1356a7d66257">
      <Execution id="3fa8eef3-170c-46e7-b67e-c047be08cd8d" />
      <TestMethod codeBase="/Users/graemelockley/Projects/little-languages-project/ll-tlcr/Lang.Test/bin/Debug/net7.0/Lang.Test.dll" adapterTypeName="executor://xunit/VsTestRunner2/netcoreapp" className="Tests" name="parse literal bool" />
    </UnitTest>
    <UnitTest name="Tests.parse additive operator" storage="/users/graemelockley/projects/little-languages-project/ll-tlcr/lang.test/bin/debug/net7.0/lang.test.dll" id="a7700f80-79a5-591b-cdfc-5a3524479ced">
      <Execution id="36f70407-eec2-4787-a37a-e6403da2d888" />
      <TestMethod codeBase="/Users/graemelockley/Projects/little-languages-project/ll-tlcr/Lang.Test/bin/Debug/net7.0/Lang.Test.dll" adapterTypeName="executor://xunit/VsTestRunner2/netcoreapp" className="Tests" name="parse additive operator" />
    </UnitTest>
    <UnitTest name="Tests.parse let rec" storage="/users/graemelockley/projects/little-languages-project/ll-tlcr/lang.test/bin/debug/net7.0/lang.test.dll" id="6ad7fb65-5657-6f1e-00e7-49ced5e5b4b1">
      <Execution id="da067086-c484-489a-b8f2-e71ac334bbf7" />
      <TestMethod codeBase="/Users/graemelockley/Projects/little-languages-project/ll-tlcr/Lang.Test/bin/Debug/net7.0/Lang.Test.dll" adapterTypeName="executor://xunit/VsTestRunner2/netcoreapp" className="Tests" name="parse let rec" />
    </UnitTest>
    <UnitTest name="Tests.parse additive expression" storage="/users/graemelockley/projects/little-languages-project/ll-tlcr/lang.test/bin/debug/net7.0/lang.test.dll" id="0173842f-6198-db48-5a8b-7f8e2f7bb0bb">
      <Execution id="c02c771c-f3ad-452e-ac58-fc4c8568bc25" />
      <TestMethod codeBase="/Users/graemelockley/Projects/little-languages-project/ll-tlcr/Lang.Test/bin/Debug/net7.0/Lang.Test.dll" adapterTypeName="executor://xunit/VsTestRunner2/netcoreapp" className="Tests" name="parse additive expression" />
    </UnitTest>
    <UnitTest name="Tests.parse let" storage="/users/graemelockley/projects/little-languages-project/ll-tlcr/lang.test/bin/debug/net7.0/lang.test.dll" id="6d6747a3-1adb-c8cb-f75d-9b9525a2a2eb">
      <Execution id="80700efc-b8bd-4a86-8888-2e95a0a24aa6" />
      <TestMethod codeBase="/Users/graemelockley/Projects/little-languages-project/ll-tlcr/Lang.Test/bin/Debug/net7.0/Lang.Test.dll" adapterTypeName="executor://xunit/VsTestRunner2/netcoreapp" className="Tests" name="parse let" />
    </UnitTest>
    <UnitTest name="Tests.parse lambda" storage="/users/graemelockley/projects/little-languages-project/ll-tlcr/lang.test/bin/debug/net7.0/lang.test.dll" id="4a187ba9-963a-8f60-c748-bffdffd3626c">
      <Execution id="a7627d62-7b16-46a9-a749-2fc8b97565c4" />
      <TestMethod codeBase="/Users/graemelockley/Projects/little-languages-project/ll-tlcr/Lang.Test/bin/Debug/net7.0/Lang.Test.dll" adapterTypeName="executor://xunit/VsTestRunner2/netcoreapp" className="Tests" name="parse lambda" />
    </UnitTest>
    <UnitTest name="Tests.parse parenthises expression" storage="/users/graemelockley/projects/little-languages-project/ll-tlcr/lang.test/bin/debug/net7.0/lang.test.dll" id="d9dd441c-44f3-ff66-12b8-555bb55f343d">
      <Execution id="6c399ed3-776d-4bc8-ac70-6d74a2a8e1f8" />
      <TestMethod codeBase="/Users/graemelockley/Projects/little-languages-project/ll-tlcr/Lang.Test/bin/Debug/net7.0/Lang.Test.dll" adapterTypeName="executor://xunit/VsTestRunner2/netcoreapp" className="Tests" name="parse parenthises expression" />
    </UnitTest>
    <UnitTest name="Tests.parse relational expression" storage="/users/graemelockley/projects/little-languages-project/ll-tlcr/lang.test/bin/debug/net7.0/lang.test.dll" id="38a8c448-f4d6-4783-ef4f-fb0ca22b8edc">
      <Execution id="2baccb33-368e-46ce-b8a1-218fd84619c6" />
      <TestMethod codeBase="/Users/graemelockley/Projects/little-languages-project/ll-tlcr/Lang.Test/bin/Debug/net7.0/Lang.Test.dll" adapterTypeName="executor://xunit/VsTestRunner2/netcoreapp" className="Tests" name="parse relational expression" />
    </UnitTest>
    <UnitTest name="Tests.parse arithmatic expression" storage="/users/graemelockley/projects/little-languages-project/ll-tlcr/lang.test/bin/debug/net7.0/lang.test.dll" id="6e271be6-e3b9-3444-e1c2-d1ee3b6ac76b">
      <Execution id="aa1d65fc-5d1f-4a99-aabb-2586dacd8ae6" />
      <TestMethod codeBase="/Users/graemelockley/Projects/little-languages-project/ll-tlcr/Lang.Test/bin/Debug/net7.0/Lang.Test.dll" adapterTypeName="executor://xunit/VsTestRunner2/netcoreapp" className="Tests" name="parse arithmatic expression" />
    </UnitTest>
    <UnitTest name="Tests.parse if" storage="/users/graemelockley/projects/little-languages-project/ll-tlcr/lang.test/bin/debug/net7.0/lang.test.dll" id="27f2f260-d707-4bb3-df19-6a32fd9fcfd1">
      <Execution id="5d7f2d0a-bb90-4ede-ba00-0f628018ddb8" />
      <TestMethod codeBase="/Users/graemelockley/Projects/little-languages-project/ll-tlcr/Lang.Test/bin/Debug/net7.0/Lang.Test.dll" adapterTypeName="executor://xunit/VsTestRunner2/netcoreapp" className="Tests" name="parse if" />
    </UnitTest>
    <UnitTest name="Tests.parse multiplicative operator" storage="/users/graemelockley/projects/little-languages-project/ll-tlcr/lang.test/bin/debug/net7.0/lang.test.dll" id="ac5e33de-f945-bfd4-14d3-23ec4f4e449e">
      <Execution id="3551eb2a-a980-4075-bd87-634461a16261" />
      <TestMethod codeBase="/Users/graemelockley/Projects/little-languages-project/ll-tlcr/Lang.Test/bin/Debug/net7.0/Lang.Test.dll" adapterTypeName="executor://xunit/VsTestRunner2/netcoreapp" className="Tests" name="parse multiplicative operator" />
    </UnitTest>
    <UnitTest name="Tests.parse multiplicative expression" storage="/users/graemelockley/projects/little-languages-project/ll-tlcr/lang.test/bin/debug/net7.0/lang.test.dll" id="f96365a4-0e2d-fbc8-41d0-8f8463223c19">
      <Execution id="ab11a600-fbfe-4c89-9df3-89606a2ee218" />
      <TestMethod codeBase="/Users/graemelockley/Projects/little-languages-project/ll-tlcr/Lang.Test/bin/Debug/net7.0/Lang.Test.dll" adapterTypeName="executor://xunit/VsTestRunner2/netcoreapp" className="Tests" name="parse multiplicative expression" />
    </UnitTest>
    <UnitTest name="Tests.parse literal int" storage="/users/graemelockley/projects/little-languages-project/ll-tlcr/lang.test/bin/debug/net7.0/lang.test.dll" id="72e9ff20-7e14-bb11-d0c0-a678b738516c">
      <Execution id="afe38ea2-f1f4-4e5c-a216-c0ee041b8d08" />
      <TestMethod codeBase="/Users/graemelockley/Projects/little-languages-project/ll-tlcr/Lang.Test/bin/Debug/net7.0/Lang.Test.dll" adapterTypeName="executor://xunit/VsTestRunner2/netcoreapp" className="Tests" name="parse literal int" />
    </UnitTest>
  </TestDefinitions>
  <TestEntries>
    <TestEntry testId="4a187ba9-963a-8f60-c748-bffdffd3626c" executionId="a7627d62-7b16-46a9-a749-2fc8b97565c4" testListId="8c84fa94-04c1-424b-9868-57a2d4851a1d" />
    <TestEntry testId="f96365a4-0e2d-fbc8-41d0-8f8463223c19" executionId="ab11a600-fbfe-4c89-9df3-89606a2ee218" testListId="8c84fa94-04c1-424b-9868-57a2d4851a1d" />
    <TestEntry testId="38a8c448-f4d6-4783-ef4f-fb0ca22b8edc" executionId="2baccb33-368e-46ce-b8a1-218fd84619c6" testListId="8c84fa94-04c1-424b-9868-57a2d4851a1d" />
    <TestEntry testId="6ad7fb65-5657-6f1e-00e7-49ced5e5b4b1" executionId="da067086-c484-489a-b8f2-e71ac334bbf7" testListId="8c84fa94-04c1-424b-9868-57a2d4851a1d" />
    <TestEntry testId="ac5e33de-f945-bfd4-14d3-23ec4f4e449e" executionId="3551eb2a-a980-4075-bd87-634461a16261" testListId="8c84fa94-04c1-424b-9868-57a2d4851a1d" />
    <TestEntry testId="a7700f80-79a5-591b-cdfc-5a3524479ced" executionId="36f70407-eec2-4787-a37a-e6403da2d888" testListId="8c84fa94-04c1-424b-9868-57a2d4851a1d" />
    <TestEntry testId="72e9ff20-7e14-bb11-d0c0-a678b738516c" executionId="afe38ea2-f1f4-4e5c-a216-c0ee041b8d08" testListId="8c84fa94-04c1-424b-9868-57a2d4851a1d" />
    <TestEntry testId="0173842f-6198-db48-5a8b-7f8e2f7bb0bb" executionId="c02c771c-f3ad-452e-ac58-fc4c8568bc25" testListId="8c84fa94-04c1-424b-9868-57a2d4851a1d" />
    <TestEntry testId="75b6616c-8470-53dc-8291-1356a7d66257" executionId="3fa8eef3-170c-46e7-b67e-c047be08cd8d" testListId="8c84fa94-04c1-424b-9868-57a2d4851a1d" />
    <TestEntry testId="6d6747a3-1adb-c8cb-f75d-9b9525a2a2eb" executionId="80700efc-b8bd-4a86-8888-2e95a0a24aa6" testListId="8c84fa94-04c1-424b-9868-57a2d4851a1d" />
    <TestEntry testId="d9dd441c-44f3-ff66-12b8-555bb55f343d" executionId="6c399ed3-776d-4bc8-ac70-6d74a2a8e1f8" testListId="8c84fa94-04c1-424b-9868-57a2d4851a1d" />
    <TestEntry testId="6e271be6-e3b9-3444-e1c2-d1ee3b6ac76b" executionId="aa1d65fc-5d1f-4a99-aabb-2586dacd8ae6" testListId="8c84fa94-04c1-424b-9868-57a2d4851a1d" />
    <TestEntry testId="a5f1fc17-1237-1f4f-4431-b1162b5abb1c" executionId="6d0e916b-90e0-4e65-b8c9-d3d3eeb46ad7" testListId="8c84fa94-04c1-424b-9868-57a2d4851a1d" />
    <TestEntry testId="27f2f260-d707-4bb3-df19-6a32fd9fcfd1" executionId="5d7f2d0a-bb90-4ede-ba00-0f628018ddb8" testListId="8c84fa94-04c1-424b-9868-57a2d4851a1d" />
  </TestEntries>
  <TestLists>
    <TestList name="Results Not in a List" id="8c84fa94-04c1-424b-9868-57a2d4851a1d" />
    <TestList name="All Loaded Results" id="19431567-8539-422a-85d7-44ee4e166bda" />
  </TestLists>
  <ResultSummary outcome="Completed">
    <Counters total="14" executed="14" passed="14" failed="0" error="0" timeout="0" aborted="0" inconclusive="0" passedButRunAborted="0" notRunnable="0" notExecuted="0" disconnected="0" warning="0" completed="0" inProgress="0" pending="0" />
    <Output>
      <StdOut>[xUnit.net 00:00:00.00] xUnit.net VSTest Adapter v2.4.5+1caef2f33e (64-bit .NET 7.0.5)
[xUnit.net 00:00:00.41]   Discovering: Lang.Test
[xUnit.net 00:00:00.44]   Discovered:  Lang.Test
[xUnit.net 00:00:00.44]   Starting:    Lang.Test
[xUnit.net 00:00:00.56]   Finished:    Lang.Test
</StdOut>
    </Output>
  </ResultSummary>
</TestRun>